0 info it worked if it ends with ok
1 verbose cli [ 'C:\\Program Files\\nodejs\\node.exe',
1 verbose cli   'C:\\Users\\g.rossetti\\AppData\\Roaming\\npm\\node_modules\\npm\\bin\\npm-cli.js',
1 verbose cli   'publish',
1 verbose cli   '.',
1 verbose cli   '--registry=https://npm.loccioni.com' ]
2 info using npm@3.8.3
3 info using node@v6.2.0
4 verbose publish [ '.' ]
5 silly cache add args [ '.', null ]
6 verbose cache add spec .
7 silly cache add parsed spec Result {
7 silly cache add   raw: '.',
7 silly cache add   scope: null,
7 silly cache add   name: null,
7 silly cache add   rawSpec: '.',
7 silly cache add   spec: 'D:\\typescript-ddd-tools',
7 silly cache add   type: 'directory' }
8 verbose addLocalDirectory C:\Users\g.rossetti\AppData\Roaming\npm-cache\@IT\typescript-ddd-tools\0.0.20\package.tgz not in flight; packing
9 verbose correctMkdir C:\Users\g.rossetti\AppData\Roaming\npm-cache correctMkdir not in flight; initializing
10 info lifecycle @IT/typescript-ddd-tools@0.0.20~prepublish: @IT/typescript-ddd-tools@0.0.20
11 silly lifecycle @IT/typescript-ddd-tools@0.0.20~prepublish: no script for prepublish, continuing
12 verbose tar pack [ 'C:\\Users\\g.rossetti\\AppData\\Roaming\\npm-cache\\@IT\\typescript-ddd-tools\\0.0.20\\package.tgz',
12 verbose tar pack   'D:\\typescript-ddd-tools' ]
13 verbose tarball C:\Users\g.rossetti\AppData\Roaming\npm-cache\@IT\typescript-ddd-tools\0.0.20\package.tgz
14 verbose folder D:\typescript-ddd-tools
15 verbose addLocalTarball adding from inside cache C:\Users\g.rossetti\AppData\Roaming\npm-cache\@IT\typescript-ddd-tools\0.0.20\package.tgz
16 verbose correctMkdir C:\Users\g.rossetti\AppData\Roaming\npm-cache correctMkdir not in flight; initializing
17 silly cache afterAdd @IT/typescript-ddd-tools@0.0.20
18 verbose afterAdd C:\Users\g.rossetti\AppData\Roaming\npm-cache\@IT\typescript-ddd-tools\0.0.20\package\package.json not in flight; writing
19 verbose correctMkdir C:\Users\g.rossetti\AppData\Roaming\npm-cache correctMkdir not in flight; initializing
20 verbose afterAdd C:\Users\g.rossetti\AppData\Roaming\npm-cache\@IT\typescript-ddd-tools\0.0.20\package\package.json written
21 silly publish { name: '@IT/typescript-ddd-tools',
21 silly publish   version: '0.0.20',
21 silly publish   description: 'A typescript library that implements the basic DDD patterns.',
21 silly publish   main: './build/browser/DDDTools/DDDTools.js',
21 silly publish   typings: './build/browser/ddd-tools.d.ts',
21 silly publish   scripts: { test: 'grunt test' },
21 silly publish   author: { name: 'Gruppo Loccioni' },
21 silly publish   license: 'SEE LICENSE IN \'LICENSE\' FILE',
21 silly publish   repository:
21 silly publish    { type: 'git',
21 silly publish      url: 'https://git.loccioni.com/IT/ddd-tools.git' },
21 silly publish   devDependencies:
21 silly publish    { angular: '^1.5.6',
21 silly publish      'dts-generator': '^1.7.0',
21 silly publish      grunt: '^0.4.5',
21 silly publish      'grunt-cli': '^1.1.0',
21 silly publish      'grunt-contrib-clean': '^1.0.0',
21 silly publish      'grunt-contrib-concat': '^1.0.0',
21 silly publish      'grunt-contrib-copy': '^1.0.0',
21 silly publish      'grunt-contrib-jasmine': '^1.0.0',
21 silly publish      'grunt-contrib-uglify': '^1.0.1',
21 silly publish      'grunt-line-remover': '0.0.2',
21 silly publish      'grunt-template-jasmine-requirejs': '^0.2.3',
21 silly publish      'grunt-ts': '^5.5.0-beta.2',
21 silly publish      'http-server': '^0.9.0',
21 silly publish      jasmine: '^2.4.1',
21 silly publish      'jasmine-core': '^2.4.1',
21 silly publish      jquery: '^2.2.3',
21 silly publish      'ts-loader': '^0.8.2',
21 silly publish      typescript: '^1.8.9',
21 silly publish      typings: '^0.8.1',
21 silly publish      webpack: '^1.13.0' },
21 silly publish   dependencies: { q: '^1.4.1', underscore: '^1.8.3' },
21 silly publish   readme: 'typescript ddd tools\r\n====================\r\n\r\n(https://git.loccioni.com/IT/ddd-tools)\r\n\r\nA typescript implementation of the basic DDD patterns.\r\n\r\n## What is in it?\r\n\r\nThe package exports a DDDTools "namespace" composed by these elements\r\n\r\n### Main Patterns\r\n\r\n* **ValueObject**\r\n* **Entity**\r\n* **Aggregate** \r\n* **Repository**\r\n* **UnitOfWork**\r\n* **DomainEvents**\r\n\r\n### Tools and utilities\r\n\r\n* **Serialization**: "Smart" Serialization/Deserialization which takes into account \r\n  reconstitution of object trees and of "special types" like Date and RegExp.\r\n  It can be used "as a stand alone" tool.\r\n  \r\n* **PersistableObject**: Manages "evolution" of objects that can be persisted. \r\n  Objects whose state can survive between program "executions" must provide a \r\n  mean of "upgrading" their state, to follow changes due requirements and bugs. \r\n  \r\n* **ValueObjects**: a growable collection of general purpose Value Objects.\r\n\r\n## Usage\r\n\r\nPackage can be installed via npm from registry https://npm.loccioni.com.  \r\nOnce installed you need to reference **node_modules/typescript-ddd-tools/build/browser/ddd-tools.js**\r\nin your **index.html**, and reference **ddd-tools.d.ts** in the same directory to \r\nhave typescript ambient definitions.\r\nThe library is quite invasive, meaning that it is impossible to use different \r\nversions of the same library as it "pollutes" the global namespace adding the \r\n"DDDTools" namespace\r\n\r\n\r\n## Dependencies\r\n\r\nThe package has the following dependencies: \r\n\r\n* angular and jquery typings **just the typings!!!**, the libraries are not mandatory!\r\n* [Q](https://github.com/kriskowal/q)\r\n* [underscore.js](http://underscorejs.org/) - Used only for the [isEqual](http://underscorejs.org/#isEqual) function\r\n\r\n## Examples\r\n\r\n`TODO`\r\n\r\n## Change log\r\n\r\n### 0.0.20 2016 06 27\r\n\r\n* DomainEvents.dispatch now returns a promise. Useful especially during testing to know when event processing has completely done.\r\n\r\n### 0.0.19 2016 06 27\r\n\r\n* Bug Fix: It is now possible to re-register the same handler in a different instance of the InProcessDispatcher.\r\n* Added findInArray function to BaseValueObject.\r\n\r\n### 0.0.18 2016 06 24\r\n\r\n* Added scope parameter to DomainEvents.registerHandler to allow passing "original" context along with handler.\r\n* Fixed Factory.registerType signature to allow registering elements having a constructor with parameters.\r\n\r\n### 0.0.17 2016 06 20\r\n\r\n* **Possibly Breaking Change** Fix of return types in BaseRepositoryAsync, should be PromiseHandler.IPromise, instead of Q.IPromise.\r\n* **Possibly Breaking Change** Fix of return types in IRepositoryAsync, should be PromiseHandler.IPromise, instead of Q.IPromise.\r\n* **Possibly Breaking Change** Fix of return types in IQueryAsync, should be PromiseHandler.IPromise, instead of Q.IPromise.\r\n\r\n### 0.0.16 2016 06 16\r\n\r\n* Added repositoryId property to BaseRepository* and RepositoryEvents. This allows to "discern" events by destination.\r\n* Repository Events are now generic on the AggregateType, and have a unique "item" property of the type managed by the Repository type.\r\n* BugFix: BaseEntity.raiseEvent converted from private to protected to allow access to derivatives. \r\n* **Breaking Change** Added setQuery method to IQuery* interfaces.\r\n\r\n### 0.0.15 2016 06 16\r\n\r\n* saveImplementation methods in BaseRepository and BaseRepositoryAsync now receive a SaveActionEnum parameter to tell wheter the item must be created or updated.\r\n  In this way implementation that needs to know if an item exists or not are nto forced to make a new query.\r\n\r\n### 0.0.14 2016 06 13\r\n\r\n* **Breaking Change** To avoid [this](http://stackoverflow.com/questions/33965435/testing-angular-when-mixing-q-and-es6-promises) issue during testing, ddd-tools now tries to use $q instead of Q if angular1.x is available. Feature needs to be deeply tested!\r\n  Angular is now a dev dependency of ddd-tools, and now we are rturning ng.IPromise from async calls, becaus $q is the thinnest interface.\r\n  The Repository namespace now contains a PromiseHandler which will contain Q or $q as needed.\r\n  Development with the library will be possible **if and only if angular and jquery typings are available**.\r\n* Added "replace" method to repositories interfaces. The replace method makes possible to save an item without incrementing its revisionId.\r\n* Added ItemReplacedEvent. Repositories will fire this event if an item is "replaced" (not added) with the "replace" method.\r\n  If item is not existent when calling "replace", an ItemAddedEvent will be fired.\r\n\r\n### 0.0.13 2016 06 10\r\n\r\n* RevisionId is not incremented if elment is not already in the repo. So Saving a newly created item will leave RevisionId = 0.\r\n\r\n### 0.0.12 2016 05 31\r\n\r\n* Fixed a bug in Factory.createObjectFromState. It was not reconstituting correctly Dates and Regular Expressions.\r\n* Fixed a typo in package.json main field.\r\n* Minor README.md updates\r\n\r\n### 0.0.11 2016 05 25\r\n\r\n* **Breaking Change** PersistableObject.TypeRegistry is now "not" exposed as it is used only by PersistableObject.Factory. \r\n* **Breaking Change** Added dependency to "underscore" to gain deep compare functionality. Null values are no more a problem!\r\n    Remeber to add underscore to the scripts.\r\n\r\n### 0.0.10 2016 05 25\r\n\r\n* Added support for serialization/deserialization of null values\r\n* Some exception were not exposed in RepositoryAsync queries.\r\n\r\n### 0.0.9 2016 05 24\r\n\r\n* Fixed BUG in Serialization of RegExp\r\n\r\n### 0.0.8 2016 05 20\r\n\r\n* Added IQueryAsync in Query namespace Query\r\n\r\n### 0.0.7 2016 05 18\r\n\r\n* Added this changelog!\r\n* Added typings support in package.json\r\n* Removed /// reference from ddd-tools.d.ts\r\n* New tests for the InMemoryRepositoryAsync\r\n* **Breaking Change!** - Renamed BaseInMemoryRepository to InMemoryRepository, no more abstract.\r\n',
21 silly publish   readmeFilename: 'README.md',
21 silly publish   gitHead: '5a6d168f17839e285499f06c71894245edc65a0d',
21 silly publish   _id: '@IT/typescript-ddd-tools@0.0.20',
21 silly publish   _shasum: '2ecdebd25b65ec82dbc7542f18bb5aababf12a9b',
21 silly publish   _from: '.' }
22 verbose getPublishConfig undefined
23 silly mapToRegistry name @IT/typescript-ddd-tools
24 silly mapToRegistry scope (from package name) @IT
25 verbose mapToRegistry no registry URL found in name for scope @IT
26 silly mapToRegistry using default registry
27 silly mapToRegistry registry https://npm.loccioni.com/
28 silly mapToRegistry data Result {
28 silly mapToRegistry   raw: '@IT/typescript-ddd-tools',
28 silly mapToRegistry   scope: '@IT',
28 silly mapToRegistry   name: '@IT/typescript-ddd-tools',
28 silly mapToRegistry   rawSpec: '',
28 silly mapToRegistry   spec: 'latest',
28 silly mapToRegistry   type: 'tag' }
29 silly mapToRegistry uri https://npm.loccioni.com/@IT%2ftypescript-ddd-tools
30 verbose publish registryBase https://npm.loccioni.com/
31 silly publish uploading C:\Users\g.rossetti\AppData\Roaming\npm-cache\@IT\typescript-ddd-tools\0.0.20\package.tgz
32 verbose request uri https://npm.loccioni.com/@IT%2ftypescript-ddd-tools
33 verbose request sending authorization for write operation
34 info attempt registry request try #1 at 21:55:00
35 verbose request using bearer token for auth
36 verbose request id 4b505ff08cb1447e
37 http request PUT https://npm.loccioni.com/@IT%2ftypescript-ddd-tools
38 info retry will retry, error on last attempt: Error: getaddrinfo ENOTFOUND npm.loccioni.com npm.loccioni.com:443
39 info attempt registry request try #2 at 21:55:10
40 verbose request using bearer token for auth
41 http request PUT https://npm.loccioni.com/@IT%2ftypescript-ddd-tools
42 info retry will retry, error on last attempt: Error: getaddrinfo ENOTFOUND npm.loccioni.com npm.loccioni.com:443
43 info attempt registry request try #3 at 21:56:10
44 verbose request using bearer token for auth
45 http request PUT https://npm.loccioni.com/@IT%2ftypescript-ddd-tools
46 verbose request invalidating C:\Users\g.rossetti\AppData\Roaming\npm-cache\npm.loccioni.com\_40IT_252ftypescript-ddd-tools on PUT
47 error publish Failed PUT undefined
48 verbose stack Error: getaddrinfo ENOTFOUND npm.loccioni.com npm.loccioni.com:443
48 verbose stack     at errnoException (dns.js:28:10)
48 verbose stack     at GetAddrInfoReqWrap.onlookup [as oncomplete] (dns.js:79:26)
49 verbose cwd D:\typescript-ddd-tools
50 error Windows_NT 10.0.10586
51 error argv "C:\\Program Files\\nodejs\\node.exe" "C:\\Users\\g.rossetti\\AppData\\Roaming\\npm\\node_modules\\npm\\bin\\npm-cli.js" "publish" "." "--registry=https://npm.loccioni.com"
52 error node v6.2.0
53 error npm  v3.8.3
54 error code ENOTFOUND
55 error errno ENOTFOUND
56 error syscall getaddrinfo
57 error network getaddrinfo ENOTFOUND npm.loccioni.com npm.loccioni.com:443
58 error network This is most likely not a problem with npm itself
58 error network and is related to network connectivity.
58 error network In most cases you are behind a proxy or have bad network settings.
58 error network
58 error network If you are behind a proxy, please make sure that the
58 error network 'proxy' config is set properly.  See: 'npm help config'
59 verbose exit [ 1, true ]
